<?xml version="1.0" encoding="UTF-8"?>
<!-- Generated by org.testng.reporters.JUnitReportReporter -->
<testsuite skipped="0" hostname="Vasile-PC" name="Test1" tests="1" failures="0" timestamp="2020-06-26T00:30:06 EEST" time="5.238" errors="0">
  <testcase name="doLogin" time="5.238" classname="Test1"/>
  <system-out/>
</testsuite> <!-- Test1 -->
