<?xml version="1.0" encoding="UTF-8"?>
<!-- Generated by org.testng.reporters.JUnitReportReporter -->
<testsuite skipped="0" hostname="Vasile-PC" name="Test1" tests="1" failures="0" timestamp="27 Jun 2020 14:05:32 GMT" time="8.158" errors="0">
  <testcase name="doLogin" time="8.158" classname="Test1"/>
</testsuite> <!-- Test1 -->
